# Run test with cmd: python3 -m doctest -v ./tests/3-say_my_name.txt

First import the function:
    >>> print_square = __import__('4-print_square').print_square

valid cases:
    >>> print_square(5)
    #####
    #####
    #####
    #####
    #####

    >>> print_square(3)
    ###
    ###
    ###

    >>> print_square(1)
    #

    >>> print_square(0)

Type Errors:
    >>> print_square(2.5)
    Traceback (most recent call last):
    ...
    TypeError: size must be an integer

    >>> print_square()
    Traceback (most recent call last):
    ...
    TypeError: print_square() missing 1 required positional argument: 'size'

    >>> print_square("hey")
    Traceback (most recent call last):
    ...
    TypeError: size must be an integer

    >>> print_square(1, 2)
    Traceback (most recent call last):
    ...
    TypeError: print_square() takes 1 positional argument but 2 were given

Value Errors:
    >>> print_square(-1)
    Traceback (most recent call last):
    ...
    ValueError: size must be >= 0
